#
# There is insufficient memory for the Java Runtime Environment to continue.
# Native memory allocation (mmap) failed to map 2097152 bytes for Failed to commit area from 0x0000020275f60000 to 0x0000020276160000 of length 2097152.
# Possible reasons:
#   The system is out of physical RAM or swap space
#   The process is running with CompressedOops enabled, and the Java Heap may be blocking the growth of the native heap
# Possible solutions:
#   Reduce memory load on the system
#   Increase physical memory or swap space
#   Check if swap backing store is full
#   Decrease Java heap size (-Xmx/-Xms)
#   Decrease number of Java threads
#   Decrease Java thread stack sizes (-Xss)
#   Set larger code cache with -XX:ReservedCodeCacheSize=
# This output file may be truncated or incomplete.
#
#  Out of Memory Error (t:/workspace/open/src/hotspot/os/windows/os_windows.cpp:3301), pid=8716, tid=3532
#
# JRE version:  (13.0.2+8) (build )
# Java VM: Java HotSpot(TM) 64-Bit Server VM (13.0.2+8, mixed mode, aot, sharing, tiered, compressed oops, g1 gc, windows-amd64)
# No core dump will be written. Minidumps are not enabled by default on client versions of Windows
#

---------------  S U M M A R Y ------------

Command Line: -Dfile.encoding=UTF-8 APP.App

Host: Intel(R) Core(TM) i5-7400 CPU @ 3.00GHz, 4 cores, 7G,  Windows 10 , 64 bit Build 18362 (10.0.18362.1110)
Time: Wed Dec  2 18:03:16 2020 Hora estándar romance elapsed time: 0 seconds (0d 0h 0m 0s)

---------------  T H R E A D  ---------------

Current thread (0x0000020259f5c000):  JavaThread "Unknown thread" [_thread_in_vm, id=3532, stack(0x000000bd38800000,0x000000bd38900000)]

Stack: [0x000000bd38800000,0x000000bd38900000]
Native frames: (J=compiled Java code, j=interpreted, Vv=VM code, C=native code)
V  [jvm.dll+0x624f9a]
V  [jvm.dll+0x770cfa]
V  [jvm.dll+0x7724af]
V  [jvm.dll+0x772ab3]
V  [jvm.dll+0x24bf08]
V  [jvm.dll+0x6222aa]
V  [jvm.dll+0x6170b5]
V  [jvm.dll+0x30a88c]
V  [jvm.dll+0x30a6c2]
V  [jvm.dll+0x30fe36]
V  [jvm.dll+0x353f6f]
V  [jvm.dll+0x353720]
V  [jvm.dll+0x2e550a]
V  [jvm.dll+0x2e67a2]
V  [jvm.dll+0x74dd78]
V  [jvm.dll+0x361989]
V  [jvm.dll+0x730e65]
V  [jvm.dll+0x3cc53f]
V  [jvm.dll+0x3ce861]
C  [jli.dll+0x51ff]
C  [ucrtbase.dll+0x210b2]
C  [KERNEL32.DLL+0x17c24]
C  [ntdll.dll+0x6d4d1]


---------------  P R O C E S S  ---------------

Threads class SMR info:
_java_thread_list=0x00007ff9c931ccb8, length=0, elements={
}

Java Threads: ( => current thread )

Other Threads:
  0x0000020259f9f000 GCTaskThread "GC Thread#0" [stack: 0x000000bd38900000,0x000000bd38a00000] [id=4060]
  0x0000020259fb0800 ConcurrentGCThread "G1 Main Marker" [stack: 0x000000bd38a00000,0x000000bd38b00000] [id=2692]
  0x0000020259fb3800 ConcurrentGCThread "G1 Conc#0" [stack: 0x000000bd38b00000,0x000000bd38c00000] [id=7568]

[error occurred during error reporting (printing all threads), id 0xc0000005, EXCEPTION_ACCESS_VIOLATION (0xc0000005) at pc=0x00007ff9c8b551d7]

VM state:not at safepoint (not fully initialized)

VM Mutex/Monitor currently owned by a thread:  ([mutex/lock_event])
[0x0000020259f59690] Heap_lock - owner thread: 0x0000020259f5c000

Heap address: 0x0000000081c00000, size: 2020 MB, Compressed Oops mode: Non-zero based: 0x0000000081c00000
Narrow klass base: 0x0000000000000000, Narrow klass shift: 0

GC Heap History (0 events):
No events

Deoptimization events (0 events):
No events

Classes unloaded (0 events):
No events

Classes redefined (0 events):
No events

Internal exceptions (0 events):
No events

Events (8 events):
Event: 0.010 Loaded shared library C:\Program Files\Java\jdk-13.0.2\bin\zip.dll
Event: 0.011 Loaded shared library C:\Program Files\Java\jdk-13.0.2\bin\jimage.dll
Event: 0.012 Loading shared library C:\Program Files\Java\jdk-13.0.2\lib\libjava.base-coop.dll failed, error code 126
Event: 0.012 Loading shared library C:\Program Files\Java\jdk-13.0.2\lib\libjava.logging-coop.dll failed, error code 126
Event: 0.012 Loading shared library C:\Program Files\Java\jdk-13.0.2\lib\libjdk.compiler-coop.dll failed, error code 126
Event: 0.013 Loading shared library C:\Program Files\Java\jdk-13.0.2\lib\libjdk.scripting.nashorn-coop.dll failed, error code 126
Event: 0.013 Loading shared library C:\Program Files\Java\jdk-13.0.2\lib\libjdk.internal.vm.ci-coop.dll failed, error code 126
Event: 0.013 Loading shared library C:\Program Files\Java\jdk-13.0.2\lib\libjdk.internal.vm.compiler-coop.dll failed, error code 126


Dynamic libraries:
0x00007ff779930000 - 0x00007ff77993f000 	C:\Program Files\Java\jdk-13.0.2\bin\javaw.exe
0x00007ffa2c8a0000 - 0x00007ffa2ca90000 	C:\windows\SYSTEM32\ntdll.dll
0x00007ffa2a9e0000 - 0x00007ffa2aa92000 	C:\windows\System32\KERNEL32.DLL
0x00007ffa2a670000 - 0x00007ffa2a915000 	C:\windows\System32\KERNELBASE.dll
0x00007ffa29d60000 - 0x00007ffa29e5a000 	C:\windows\System32\ucrtbase.dll
0x00007ffa25fa0000 - 0x00007ffa25fb8000 	C:\Program Files\Java\jdk-13.0.2\bin\jli.dll
0x00007ffa2b830000 - 0x00007ffa2b8d3000 	C:\windows\System32\ADVAPI32.dll
0x00007ffa2aaa0000 - 0x00007ffa2ab3e000 	C:\windows\System32\msvcrt.dll
0x00007ffa2bd50000 - 0x00007ffa2bde7000 	C:\windows\System32\sechost.dll
0x00007ffa2b2a0000 - 0x00007ffa2b3c0000 	C:\windows\System32\RPCRT4.dll
0x00007ffa248d0000 - 0x00007ffa248e5000 	C:\Program Files\Java\jdk-13.0.2\bin\VCRUNTIME140.dll
0x00007ffa2b3c0000 - 0x00007ffa2b554000 	C:\windows\System32\USER32.dll
0x00007ffa29d30000 - 0x00007ffa29d51000 	C:\windows\System32\win32u.dll
0x00007ffa2c760000 - 0x00007ffa2c786000 	C:\windows\System32\GDI32.dll
0x00007ffa1c1b0000 - 0x00007ffa1c434000 	C:\windows\WinSxS\amd64_microsoft.windows.common-controls_6595b64144ccf1df_6.0.18362.1198_none_9e820b57e45ad92f\COMCTL32.dll
0x00007ffa298a0000 - 0x00007ffa29a36000 	C:\windows\System32\gdi32full.dll
0x00007ffa2ab50000 - 0x00007ffa2ae85000 	C:\windows\System32\combase.dll
0x00007ffa29af0000 - 0x00007ffa29b8e000 	C:\windows\System32\msvcp_win.dll
0x00007ffa29820000 - 0x00007ffa298a0000 	C:\windows\System32\bcryptPrimitives.dll
0x00007ffa1ece0000 - 0x00007ffa1ecea000 	C:\windows\SYSTEM32\VERSION.dll
0x00007ffa2a950000 - 0x00007ffa2a97e000 	C:\windows\System32\IMM32.DLL
0x00007ffa102f0000 - 0x00007ffa1038b000 	C:\Program Files\Java\jdk-13.0.2\bin\msvcp140.dll
0x00007ff9c8860000 - 0x00007ff9c93bd000 	C:\Program Files\Java\jdk-13.0.2\bin\server\jvm.dll
0x00007ffa2ab40000 - 0x00007ffa2ab48000 	C:\windows\System32\PSAPI.DLL
0x00007ffa27050000 - 0x00007ffa27074000 	C:\windows\SYSTEM32\WINMM.dll
0x00007ffa15bc0000 - 0x00007ffa15bc9000 	C:\windows\SYSTEM32\WSOCK32.dll
0x00007ffa2bdf0000 - 0x00007ffa2be5f000 	C:\windows\System32\WS2_32.dll
0x00007ffa27020000 - 0x00007ffa2704d000 	C:\windows\SYSTEM32\WINMMBASE.dll
0x00007ffa29ce0000 - 0x00007ffa29d2a000 	C:\windows\System32\cfgmgr32.dll
0x00007ffa29760000 - 0x00007ffa29771000 	C:\windows\System32\kernel.appcore.dll
0x00007ffa024f0000 - 0x00007ffa02500000 	C:\Program Files\Java\jdk-13.0.2\bin\verify.dll
0x00007ffa152c0000 - 0x00007ffa154b4000 	C:\windows\SYSTEM32\DBGHELP.DLL
0x00007ffa15290000 - 0x00007ffa152ba000 	C:\windows\SYSTEM32\dbgcore.DLL
0x00007ff9d7090000 - 0x00007ff9d70b6000 	C:\Program Files\Java\jdk-13.0.2\bin\java.dll
0x00007ff9d73b0000 - 0x00007ff9d73c7000 	C:\Program Files\Java\jdk-13.0.2\bin\zip.dll
0x00007ffa00cf0000 - 0x00007ffa00cfa000 	C:\Program Files\Java\jdk-13.0.2\bin\jimage.dll

dbghelp: loaded successfully - version: 4.0.5 - missing functions: none
symbol engine: initialized successfully - sym options: 0x614 - pdb path: .;C:\Program Files\Java\jdk-13.0.2\bin;C:\windows\SYSTEM32;C:\windows\WinSxS\amd64_microsoft.windows.common-controls_6595b64144ccf1df_6.0.18362.1198_none_9e820b57e45ad92f;C:\Program Files\Java\jdk-13.0.2\bin\server

VM Arguments:
jvm_args: -Dfile.encoding=UTF-8 
java_command: APP.App
java_class_path (initial): C:\Users\manur\Google Drive\2ºDam\Trabajos\4.-Desarrollo de interfaces\TrabajoDario\target\classes;C:\Users\manur\Google Drive\2ºDam\Trabajos\4.-Desarrollo de interfaces\TrabajoDario\jgoodies-forms-1.8.0.jar;C:\Users\manur\.m2\repository\com\google\code\gson\gson\2.8.6\gson-2.8.6.jar;C:\Users\manur\.m2\repository\org\postgresql\postgresql\42.2.18\postgresql-42.2.18.jar;C:\Users\manur\.m2\repository\org\checkerframework\checker-qual\3.5.0\checker-qual-3.5.0.jar
Launcher Type: SUN_STANDARD

[Global flags]
     intx CICompilerCount                          = 3                                         {product} {ergonomic}
     uint ConcGCThreads                            = 1                                         {product} {ergonomic}
     uint G1ConcRefinementThreads                  = 4                                         {product} {ergonomic}
   size_t G1HeapRegionSize                         = 1048576                                   {product} {ergonomic}
    uintx GCDrainStackTargetSize                   = 64                                        {product} {ergonomic}
   size_t InitialHeapSize                          = 134217728                                 {product} {ergonomic}
   size_t MarkStackSize                            = 4194304                                   {product} {ergonomic}
   size_t MaxHeapSize                              = 2118123520                                {product} {ergonomic}
   size_t MinHeapDeltaBytes                        = 1048576                                   {product} {ergonomic}
   size_t MinHeapSize                              = 8388608                                   {product} {ergonomic}
    uintx NonNMethodCodeHeapSize                   = 5832780                                {pd product} {ergonomic}
    uintx NonProfiledCodeHeapSize                  = 122912730                              {pd product} {ergonomic}
    uintx ProfiledCodeHeapSize                     = 122912730                              {pd product} {ergonomic}
    uintx ReservedCodeCacheSize                    = 251658240                              {pd product} {ergonomic}
     bool SegmentedCodeCache                       = true                                      {product} {ergonomic}
   size_t SoftMaxHeapSize                          = 2118123520                             {manageable} {ergonomic}
     bool UseCompressedClassPointers               = true                                 {lp64_product} {ergonomic}
     bool UseCompressedOops                        = true                                 {lp64_product} {ergonomic}
     bool UseG1GC                                  = true                                      {product} {ergonomic}
     bool UseLargePagesIndividualAllocation        = false                                  {pd product} {ergonomic}

Logging:
Log output configuration:
 #0: stdout all=warning uptime,level,tags
 #1: stderr all=off uptime,level,tags

Environment Variables:
JAVA_HOME=C:\Program Files\Java\jdk-13.0.2
PATH=C:/Program Files/Java/jdk-13.0.2/bin/server;C:/Program Files/Java/jdk-13.0.2/bin;C:\Program Files (x86)\Common Files\Oracle\Java\javapath;C:\ProgramData\Oracle\Java\javapath;C:\oraclexe\app\oracle\product\11.2.0\server\bin;C:\windows\system32;C:\windows;C:\windows\System32\Wbem;C:\windows\System32\WindowsPowerShell\v1.0\;C:\windows\System32\OpenSSH\;C:\Program Files (x86)\NVIDIA Corporation\PhysX\Common;C:\Program Files\NVIDIA Corporation\NVIDIA NvDLISR;C:\Program Files\Git\cmd;C:\Program Files\dotnet\;C:\Program Files\Java\jdk-13.0.2\bin;C:\Users\manur\AppData\Local\Microsoft\WindowsApps;;C:\Users\manur\AppData\Local\Programs\Microsoft VS Code\bin;C:\Users\manur\.dotnet\tools;C:\windows\system32;
USERNAME=manur
OS=Windows_NT
PROCESSOR_IDENTIFIER=Intel64 Family 6 Model 158 Stepping 9, GenuineIntel



---------------  S Y S T E M  ---------------

OS: Windows 10 , 64 bit Build 18362 (10.0.18362.1110)

CPU:total 4 (initial active 4) (4 cores per cpu, 1 threads per core) family 6 model 158 stepping 9, cmov, cx8, fxsr, mmx, sse, sse2, sse3, ssse3, sse4.1, sse4.2, popcnt, avx, avx2, aes, clmul, erms, 3dnowpref, lzcnt, tsc, tscinvbit, bmi1, bmi2, adx, fma

Memory: 4k page, system-wide physical 8078M (1834M free)
TotalPageFile size 8078M (AvailPageFile size 5M)
current process WorkingSet (physical memory assigned to process): 10M, peak: 10M
current process commit charge ("private bytes"): 182M, peak: 184M

vm_info: Java HotSpot(TM) 64-Bit Server VM (13.0.2+8) for windows-amd64 JRE (13.0.2+8), built on Dec 11 2019 09:20:33 by "mach5one" with unknown MS VC++:1916

END.
